# JRE version: OpenJDK Runtime Environment (8.0_112-b06) (build 1.8.0_112-release-b06)
# Java VM: OpenJDK 64-Bit Server VM (25.112-b06 mixed mode windows-amd64 compressed oops)
Heap:
 PSYoungGen      total 72704K, used 51774K [0x00000000e0000000, 0x00000000e7080000, 0x0000000100000000)
  eden space 64000K, 68% used [0x00000000e0000000,0x00000000e2b06aa8,0x00000000e3e80000)
  from space 8704K, 88% used [0x00000000e3e80000,0x00000000e4608e40,0x00000000e4700000)
  to   space 9728K, 0% used [0x00000000e6700000,0x00000000e6700000,0x00000000e7080000)
 ParOldGen       total 37888K, used 9445K [0x00000000a0000000, 0x00000000a2500000, 0x00000000e0000000)
  object space 37888K, 24% used [0x00000000a0000000,0x00000000a09394b0,0x00000000a2500000)
 Metaspace       used 29655K, capacity 30240K, committed 30336K, reserved 1075200K
  class space    used 4057K, capacity 4210K, committed 4224K, reserved 1048576K
GC Heap History (10 events):
Event: 4.572 GC heap before
{Heap before GC invocations=4 (full 0):
 PSYoungGen      total 18944K, used 18928K [0x00000000e0000000, 0x00000000e2500000, 0x0000000100000000)
  eden space 16384K, 100% used [0x00000000e0000000,0x00000000e1000000,0x00000000e1000000)
  from space 2560K, 99% used [0x00000000e1000000,0x00000000e127c010,0x00000000e1280000)
  to   space 2560K, 0% used [0x00000000e2280000,0x00000000e2280000,0x00000000e2500000)
 ParOldGen       total 44032K, used 1629K [0x00000000a0000000, 0x00000000a2b00000, 0x00000000e0000000)
  object space 44032K, 3% used [0x00000000a0000000,0x00000000a01976c0,0x00000000a2b00000)
 Metaspace       used 13069K, capacity 13430K, committed 13696K, reserved 1060864K
  class space    used 1732K, capacity 1870K, committed 1920K, reserved 1048576K
Event: 4.595 GC heap after
Heap after GC invocations=4 (full 0):
 PSYoungGen      total 35328K, used 2560K [0x00000000e0000000, 0x00000000e2500000, 0x0000000100000000)
  eden space 32768K, 0% used [0x00000000e0000000,0x00000000e0000000,0x00000000e2000000)
  from space 2560K, 100% used [0x00000000e2280000,0x00000000e2500000,0x00000000e2500000)
  to   space 2560K, 0% used [0x00000000e2000000,0x00000000e2000000,0x00000000e2280000)
 ParOldGen       total 44032K, used 3905K [0x00000000a0000000, 0x00000000a2b00000, 0x00000000e0000000)
  object space 44032K, 8% used [0x00000000a0000000,0x00000000a03d04d0,0x00000000a2b00000)
 Metaspace       used 13069K, capacity 13430K, committed 13696K, reserved 1060864K
  class space    used 1732K, capacity 1870K, committed 1920K, reserved 1048576K
}
Event: 7.886 GC heap before
{Heap before GC invocations=5 (full 0):
 PSYoungGen      total 35328K, used 35328K [0x00000000e0000000, 0x00000000e2500000, 0x0000000100000000)
  eden space 32768K, 100% used [0x00000000e0000000,0x00000000e2000000,0x00000000e2000000)
  from space 2560K, 100% used [0x00000000e2280000,0x00000000e2500000,0x00000000e2500000)
  to   space 2560K, 0% used [0x00000000e2000000,0x00000000e2000000,0x00000000e2280000)
 ParOldGen       total 44032K, used 3905K [0x00000000a0000000, 0x00000000a2b00000, 0x00000000e0000000)
  object space 44032K, 8% used [0x00000000a0000000,0x00000000a03d04d0,0x00000000a2b00000)
 Metaspace       used 16366K, capacity 16818K, committed 17024K, reserved 1064960K
  class space    used 2272K, capacity 2396K, committed 2432K, reserved 1048576K
Event: 7.905 GC heap after
Heap after GC invocations=5 (full 0):
 PSYoungGen      total 35328K, used 2528K [0x00000000e0000000, 0x00000000e4e00000, 0x0000000100000000)
  eden space 32768K, 0% used [0x00000000e0000000,0x00000000e0000000,0x00000000e2000000)
  from space 2560K, 98% used [0x00000000e2000000,0x00000000e2278040,0x00000000e2280000)
  to   space 7168K, 0% used [0x00000000e4700000,0x00000000e4700000,0x00000000e4e00000)
 ParOldGen       total 44032K, used 8064K [0x00000000a0000000, 0x00000000a2b00000, 0x00000000e0000000)
  object space 44032K, 18% used [0x00000000a0000000,0x00000000a07e00c0,0x00000000a2b00000)
 Metaspace       used 16366K, capacity 16818K, committed 17024K, reserved 1064960K
  class space    used 2272K, capacity 2396K, committed 2432K, reserved 1048576K
}
Event: 10.520 GC heap before
{Heap before GC invocations=6 (full 0):
 PSYoungGen      total 35328K, used 26410K [0x00000000e0000000, 0x00000000e4e00000, 0x0000000100000000)
  eden space 32768K, 72% used [0x00000000e0000000,0x00000000e1752b50,0x00000000e2000000)
  from space 2560K, 98% used [0x00000000e2000000,0x00000000e2278040,0x00000000e2280000)
  to   space 7168K, 0% used [0x00000000e4700000,0x00000000e4700000,0x00000000e4e00000)
 ParOldGen       total 44032K, used 8064K [0x00000000a0000000, 0x00000000a2b00000, 0x00000000e0000000)
  object space 44032K, 18% used [0x00000000a0000000,0x00000000a07e00c0,0x00000000a2b00000)
 Metaspace       used 20774K, capacity 21182K, committed 21296K, reserved 1067008K
  class space    used 2785K, capacity 2912K, committed 2944K, reserved 1048576K
Event: 10.542 GC heap after
Heap after GC invocations=6 (full 0):
 PSYoungGen      total 71168K, used 7163K [0x00000000e0000000, 0x00000000e5100000, 0x0000000100000000)
  eden space 64000K, 0% used [0x00000000e0000000,0x00000000e0000000,0x00000000e3e80000)
  from space 7168K, 99% used [0x00000000e4700000,0x00000000e4dfed80,0x00000000e4e00000)
  to   space 8704K, 0% used [0x00000000e3e80000,0x00000000e3e80000,0x00000000e4700000)
 ParOldGen       total 44032K, used 8458K [0x00000000a0000000, 0x00000000a2b00000, 0x00000000e0000000)
  object space 44032K, 19% used [0x00000000a0000000,0x00000000a08428a0,0x00000000a2b00000)
 Metaspace       used 20774K, capacity 21182K, committed 21296K, reserved 1067008K
  class space    used 2785K, capacity 2912K, committed 2944K, reserved 1048576K
}
Event: 10.543 GC heap before
{Heap before GC invocations=7 (full 1):
 PSYoungGen      total 71168K, used 7163K [0x00000000e0000000, 0x00000000e5100000, 0x0000000100000000)
  eden space 64000K, 0% used [0x00000000e0000000,0x00000000e0000000,0x00000000e3e80000)
  from space 7168K, 99% used [0x00000000e4700000,0x00000000e4dfed80,0x00000000e4e00000)
  to   space 8704K, 0% used [0x00000000e3e80000,0x00000000e3e80000,0x00000000e4700000)
 ParOldGen       total 44032K, used 8458K [0x00000000a0000000, 0x00000000a2b00000, 0x00000000e0000000)
  object space 44032K, 19% used [0x00000000a0000000,0x00000000a08428a0,0x00000000a2b00000)
 Metaspace       used 20774K, capacity 21182K, committed 21296K, reserved 1067008K
  class space    used 2785K, capacity 2912K, committed 2944K, reserved 1048576K
Event: 10.642 GC heap after
Heap after GC invocations=7 (full 1):
 PSYoungGen      total 71168K, used 0K [0x00000000e0000000, 0x00000000e5100000, 0x0000000100000000)
  eden space 64000K, 0% used [0x00000000e0000000,0x00000000e0000000,0x00000000e3e80000)
  from space 7168K, 0% used [0x00000000e4700000,0x00000000e4700000,0x00000000e4e00000)
  to   space 8704K, 0% used [0x00000000e3e80000,0x00000000e3e80000,0x00000000e4700000)
 ParOldGen       total 37888K, used 9445K [0x00000000a0000000, 0x00000000a2500000, 0x00000000e0000000)
  object space 37888K, 24% used [0x00000000a0000000,0x00000000a09394b0,0x00000000a2500000)
 Metaspace       used 20774K, capacity 21182K, committed 21296K, reserved 1067008K
  class space    used 2785K, capacity 2912K, committed 2944K, reserved 1048576K
}
Event: 15.948 GC heap before
{Heap before GC invocations=8 (full 1):
 PSYoungGen      total 71168K, used 64000K [0x00000000e0000000, 0x00000000e5100000, 0x0000000100000000)
  eden space 64000K, 100% used [0x00000000e0000000,0x00000000e3e80000,0x00000000e3e80000)
  from space 7168K, 0% used [0x00000000e4700000,0x00000000e4700000,0x00000000e4e00000)
  to   space 8704K, 0% used [0x00000000e3e80000,0x00000000e3e80000,0x00000000e4700000)
 ParOldGen       total 37888K, used 9445K [0x00000000a0000000, 0x00000000a2500000, 0x00000000e0000000)
  object space 37888K, 24% used [0x00000000a0000000,0x00000000a09394b0,0x00000000a2500000)
 Metaspace       used 26428K, capacity 26874K, committed 27136K, reserved 1073152K
  class space    used 3641K, capacity 3776K, committed 3840K, reserved 1048576K
Event: 15.972 GC heap after
Heap after GC invocations=8 (full 1):
 PSYoungGen      total 72704K, used 7715K [0x00000000e0000000, 0x00000000e7080000, 0x0000000100000000)
  eden space 64000K, 0% used [0x00000000e0000000,0x00000000e0000000,0x00000000e3e80000)
  from space 8704K, 88% used [0x00000000e3e80000,0x00000000e4608e40,0x00000000e4700000)
  to   space 9728K, 0% used [0x00000000e6700000,0x00000000e6700000,0x00000000e7080000)
 ParOldGen       total 37888K, used 9445K [0x00000000a0000000, 0x00000000a2500000, 0x00000000e0000000)
  object space 37888K, 24% used [0x00000000a0000000,0x00000000a09394b0,0x00000000a2500000)
 Metaspace       used 26428K, capacity 26874K, committed 27136K, reserved 1073152K
  class space    used 3641K, capacity 3776K, committed 3840K, reserved 1048576K
}

