# JRE version: OpenJDK Runtime Environment (8.0_112-b06) (build 1.8.0_112-release-b06)
# Java VM: OpenJDK 64-Bit Server VM (25.112-b06 mixed mode windows-amd64 compressed oops)
Heap:
 PSYoungGen      total 158208K, used 52438K [0x00000000e0000000, 0x00000000ec600000, 0x0000000100000000)
  eden space 141824K, 25% used [0x00000000e0000000,0x00000000e2338d38,0x00000000e8a80000)
  from space 16384K, 99% used [0x00000000ea080000,0x00000000eb07ce88,0x00000000eb080000)
  to   space 22528K, 0% used [0x00000000e8a80000,0x00000000e8a80000,0x00000000ea080000)
 ParOldGen       total 58368K, used 32568K [0x00000000a0000000, 0x00000000a3900000, 0x00000000e0000000)
  object space 58368K, 55% used [0x00000000a0000000,0x00000000a1fce158,0x00000000a3900000)
 Metaspace       used 53470K, capacity 55660K, committed 55936K, reserved 1097728K
  class space    used 7279K, capacity 7752K, committed 7808K, reserved 1048576K
GC Heap History (10 events):
Event: 57.459 GC heap before
{Heap before GC invocations=10 (full 1):
 PSYoungGen      total 101888K, used 56090K [0x00000000e0000000, 0x00000000e6e80000, 0x0000000100000000)
  eden space 92672K, 52% used [0x00000000e0000000,0x00000000e2fe6c28,0x00000000e5a80000)
  from space 9216K, 76% used [0x00000000e6580000,0x00000000e6c5ff98,0x00000000e6e80000)
  to   space 10240K, 0% used [0x00000000e5a80000,0x00000000e5a80000,0x00000000e6480000)
 ParOldGen       total 41472K, used 12408K [0x00000000a0000000, 0x00000000a2880000, 0x00000000e0000000)
  object space 41472K, 29% used [0x00000000a0000000,0x00000000a0c1e178,0x00000000a2880000)
 Metaspace       used 34581K, capacity 35324K, committed 35496K, reserved 1079296K
  class space    used 4644K, capacity 4845K, committed 4864K, reserved 1048576K
Event: 57.504 GC heap after
Heap after GC invocations=10 (full 1):
 PSYoungGen      total 102912K, used 10211K [0x00000000e0000000, 0x00000000e8680000, 0x0000000100000000)
  eden space 92672K, 0% used [0x00000000e0000000,0x00000000e0000000,0x00000000e5a80000)
  from space 10240K, 99% used [0x00000000e5a80000,0x00000000e6478d88,0x00000000e6480000)
  to   space 11776K, 0% used [0x00000000e7b00000,0x00000000e7b00000,0x00000000e8680000)
 ParOldGen       total 41472K, used 13124K [0x00000000a0000000, 0x00000000a2880000, 0x00000000e0000000)
  object space 41472K, 31% used [0x00000000a0000000,0x00000000a0cd1230,0x00000000a2880000)
 Metaspace       used 34581K, capacity 35324K, committed 35496K, reserved 1079296K
  class space    used 4644K, capacity 4845K, committed 4864K, reserved 1048576K
}
Event: 57.505 GC heap before
{Heap before GC invocations=11 (full 2):
 PSYoungGen      total 102912K, used 10211K [0x00000000e0000000, 0x00000000e8680000, 0x0000000100000000)
  eden space 92672K, 0% used [0x00000000e0000000,0x00000000e0000000,0x00000000e5a80000)
  from space 10240K, 99% used [0x00000000e5a80000,0x00000000e6478d88,0x00000000e6480000)
  to   space 11776K, 0% used [0x00000000e7b00000,0x00000000e7b00000,0x00000000e8680000)
 ParOldGen       total 41472K, used 13124K [0x00000000a0000000, 0x00000000a2880000, 0x00000000e0000000)
  object space 41472K, 31% used [0x00000000a0000000,0x00000000a0cd1230,0x00000000a2880000)
 Metaspace       used 34581K, capacity 35324K, committed 35496K, reserved 1079296K
  class space    used 4644K, capacity 4845K, committed 4864K, reserved 1048576K
Event: 57.688 GC heap after
Heap after GC invocations=11 (full 2):
 PSYoungGen      total 102912K, used 0K [0x00000000e0000000, 0x00000000e8680000, 0x0000000100000000)
  eden space 92672K, 0% used [0x00000000e0000000,0x00000000e0000000,0x00000000e5a80000)
  from space 10240K, 0% used [0x00000000e5a80000,0x00000000e5a80000,0x00000000e6480000)
  to   space 11776K, 0% used [0x00000000e7b00000,0x00000000e7b00000,0x00000000e8680000)
 ParOldGen       total 58368K, used 17151K [0x00000000a0000000, 0x00000000a3900000, 0x00000000e0000000)
  object space 58368K, 29% used [0x00000000a0000000,0x00000000a10bfef0,0x00000000a3900000)
 Metaspace       used 34581K, capacity 35324K, committed 35496K, reserved 1079296K
  class space    used 4644K, capacity 4845K, committed 4864K, reserved 1048576K
}
Event: 60.541 GC heap before
{Heap before GC invocations=12 (full 2):
 PSYoungGen      total 102912K, used 92672K [0x00000000e0000000, 0x00000000e8680000, 0x0000000100000000)
  eden space 92672K, 100% used [0x00000000e0000000,0x00000000e5a80000,0x00000000e5a80000)
  from space 10240K, 0% used [0x00000000e5a80000,0x00000000e5a80000,0x00000000e6480000)
  to   space 11776K, 0% used [0x00000000e7b00000,0x00000000e7b00000,0x00000000e8680000)
 ParOldGen       total 58368K, used 17151K [0x00000000a0000000, 0x00000000a3900000, 0x00000000e0000000)
  object space 58368K, 29% used [0x00000000a0000000,0x00000000a10bfef0,0x00000000a3900000)
 Metaspace       used 40428K, capacity 41344K, committed 41600K, reserved 1085440K
  class space    used 5457K, capacity 5668K, committed 5760K, reserved 1048576K
Event: 60.575 GC heap after
Heap after GC invocations=12 (full 2):
 PSYoungGen      total 124928K, used 9763K [0x00000000e0000000, 0x00000000e8f80000, 0x0000000100000000)
  eden space 113152K, 0% used [0x00000000e0000000,0x00000000e0000000,0x00000000e6e80000)
  from space 11776K, 82% used [0x00000000e7b00000,0x00000000e8488f48,0x00000000e8680000)
  to   space 12800K, 0% used [0x00000000e6e80000,0x00000000e6e80000,0x00000000e7b00000)
 ParOldGen       total 58368K, used 17159K [0x00000000a0000000, 0x00000000a3900000, 0x00000000e0000000)
  object space 58368K, 29% used [0x00000000a0000000,0x00000000a10c1ef0,0x00000000a3900000)
 Metaspace       used 40428K, capacity 41344K, committed 41600K, reserved 1085440K
  class space    used 5457K, capacity 5668K, committed 5760K, reserved 1048576K
}
Event: 67.576 GC heap before
{Heap before GC invocations=13 (full 2):
 PSYoungGen      total 124928K, used 122915K [0x00000000e0000000, 0x00000000e8f80000, 0x0000000100000000)
  eden space 113152K, 100% used [0x00000000e0000000,0x00000000e6e80000,0x00000000e6e80000)
  from space 11776K, 82% used [0x00000000e7b00000,0x00000000e8488f48,0x00000000e8680000)
  to   space 12800K, 0% used [0x00000000e6e80000,0x00000000e6e80000,0x00000000e7b00000)
 ParOldGen       total 58368K, used 17159K [0x00000000a0000000, 0x00000000a3900000, 0x00000000e0000000)
  object space 58368K, 29% used [0x00000000a0000000,0x00000000a10c1ef0,0x00000000a3900000)
 Metaspace       used 47810K, capacity 49302K, committed 49408K, reserved 1091584K
  class space    used 6478K, capacity 6811K, committed 6912K, reserved 1048576K
Event: 67.638 GC heap after
Heap after GC invocations=13 (full 2):
 PSYoungGen      total 125952K, used 12783K [0x00000000e0000000, 0x00000000eb080000, 0x0000000100000000)
  eden space 113152K, 0% used [0x00000000e0000000,0x00000000e0000000,0x00000000e6e80000)
  from space 12800K, 99% used [0x00000000e6e80000,0x00000000e7afbff0,0x00000000e7b00000)
  to   space 16384K, 0% used [0x00000000ea080000,0x00000000ea080000,0x00000000eb080000)
 ParOldGen       total 58368K, used 22627K [0x00000000a0000000, 0x00000000a3900000, 0x00000000e0000000)
  object space 58368K, 38% used [0x00000000a0000000,0x00000000a1618f48,0x00000000a3900000)
 Metaspace       used 47810K, capacity 49302K, committed 49408K, reserved 1091584K
  class space    used 6478K, capacity 6811K, committed 6912K, reserved 1048576K
}
Event: 70.275 GC heap before
{Heap before GC invocations=14 (full 2):
 PSYoungGen      total 125952K, used 125935K [0x00000000e0000000, 0x00000000eb080000, 0x0000000100000000)
  eden space 113152K, 100% used [0x00000000e0000000,0x00000000e6e80000,0x00000000e6e80000)
  from space 12800K, 99% used [0x00000000e6e80000,0x00000000e7afbff0,0x00000000e7b00000)
  to   space 16384K, 0% used [0x00000000ea080000,0x00000000ea080000,0x00000000eb080000)
 ParOldGen       total 58368K, used 22627K [0x00000000a0000000, 0x00000000a3900000, 0x00000000e0000000)
  object space 58368K, 38% used [0x00000000a0000000,0x00000000a1618f48,0x00000000a3900000)
 Metaspace       used 50551K, capacity 52356K, committed 52480K, reserved 1093632K
  class space    used 6959K, capacity 7349K, committed 7424K, reserved 1048576K
Event: 70.378 GC heap after
Heap after GC invocations=14 (full 2):
 PSYoungGen      total 158208K, used 16371K [0x00000000e0000000, 0x00000000ec600000, 0x0000000100000000)
  eden space 141824K, 0% used [0x00000000e0000000,0x00000000e0000000,0x00000000e8a80000)
  from space 16384K, 99% used [0x00000000ea080000,0x00000000eb07ce88,0x00000000eb080000)
  to   space 22528K, 0% used [0x00000000e8a80000,0x00000000e8a80000,0x00000000ea080000)
 ParOldGen       total 58368K, used 32568K [0x00000000a0000000, 0x00000000a3900000, 0x00000000e0000000)
  object space 58368K, 55% used [0x00000000a0000000,0x00000000a1fce158,0x00000000a3900000)
 Metaspace       used 50551K, capacity 52356K, committed 52480K, reserved 1093632K
  class space    used 6959K, capacity 7349K, committed 7424K, reserved 1048576K
}

