# JRE version: OpenJDK Runtime Environment (8.0_112-b06) (build 1.8.0_112-release-b06)
# Java VM: OpenJDK 64-Bit Server VM (25.112-b06 mixed mode windows-amd64 compressed oops)
Heap:
 PSYoungGen      total 320000K, used 175414K [0x00000000e0000000, 0x00000000f7b80000, 0x0000000100000000)
  eden space 315904K, 54% used [0x00000000e0000000,0x00000000ea7995e8,0x00000000f3480000)
  from space 4096K, 92% used [0x00000000f4200000,0x00000000f45b4270,0x00000000f4600000)
  to   space 36352K, 0% used [0x00000000f5800000,0x00000000f5800000,0x00000000f7b80000)
 ParOldGen       total 106496K, used 63143K [0x00000000a0000000, 0x00000000a6800000, 0x00000000e0000000)
  object space 106496K, 59% used [0x00000000a0000000,0x00000000a3da9f98,0x00000000a6800000)
 Metaspace       used 80647K, capacity 87252K, committed 87424K, reserved 1126400K
  class space    used 10374K, capacity 11348K, committed 11392K, reserved 1048576K
GC Heap History (10 events):
Event: 9521.946 GC heap before
{Heap before GC invocations=36 (full 3):
 PSYoungGen      total 288256K, used 283084K [0x00000000e0000000, 0x00000000f3580000, 0x0000000100000000)
  eden space 263680K, 100% used [0x00000000e0000000,0x00000000f0180000,0x00000000f0180000)
  from space 24576K, 78% used [0x00000000f1d80000,0x00000000f3073238,0x00000000f3580000)
  to   space 26624K, 0% used [0x00000000f0180000,0x00000000f0180000,0x00000000f1b80000)
 ParOldGen       total 106496K, used 52217K [0x00000000a0000000, 0x00000000a6800000, 0x00000000e0000000)
  object space 106496K, 49% used [0x00000000a0000000,0x00000000a32fe4d0,0x00000000a6800000)
 Metaspace       used 77013K, capacity 81514K, committed 81792K, reserved 1120256K
  class space    used 9827K, capacity 10562K, committed 10624K, reserved 1048576K
Event: 9522.028 GC heap after
Heap after GC invocations=36 (full 3):
 PSYoungGen      total 290304K, used 26596K [0x00000000e0000000, 0x00000000f6880000, 0x0000000100000000)
  eden space 263680K, 0% used [0x00000000e0000000,0x00000000e0000000,0x00000000f0180000)
  from space 26624K, 99% used [0x00000000f0180000,0x00000000f1b79160,0x00000000f1b80000)
  to   space 33280K, 0% used [0x00000000f4800000,0x00000000f4800000,0x00000000f6880000)
 ParOldGen       total 106496K, used 60519K [0x00000000a0000000, 0x00000000a6800000, 0x00000000e0000000)
  object space 106496K, 56% used [0x00000000a0000000,0x00000000a3b19e80,0x00000000a6800000)
 Metaspace       used 77013K, capacity 81514K, committed 81792K, reserved 1120256K
  class space    used 9827K, capacity 10562K, committed 10624K, reserved 1048576K
}
Event: 9528.626 GC heap before
{Heap before GC invocations=37 (full 3):
 PSYoungGen      total 290304K, used 290276K [0x00000000e0000000, 0x00000000f6880000, 0x0000000100000000)
  eden space 263680K, 100% used [0x00000000e0000000,0x00000000f0180000,0x00000000f0180000)
  from space 26624K, 99% used [0x00000000f0180000,0x00000000f1b79160,0x00000000f1b80000)
  to   space 33280K, 0% used [0x00000000f4800000,0x00000000f4800000,0x00000000f6880000)
 ParOldGen       total 106496K, used 60519K [0x00000000a0000000, 0x00000000a6800000, 0x00000000e0000000)
  object space 106496K, 56% used [0x00000000a0000000,0x00000000a3b19e80,0x00000000a6800000)
 Metaspace       used 77054K, capacity 81532K, committed 81792K, reserved 1120256K
  class space    used 9830K, capacity 10565K, committed 10624K, reserved 1048576K
Event: 9528.707 GC heap after
Heap after GC invocations=37 (full 3):
 PSYoungGen      total 331776K, used 31832K [0x00000000e0000000, 0x00000000f6f00000, 0x0000000100000000)
  eden space 298496K, 0% used [0x00000000e0000000,0x00000000e0000000,0x00000000f2380000)
  from space 33280K, 95% used [0x00000000f4800000,0x00000000f6716248,0x00000000f6880000)
  to   space 37376K, 0% used [0x00000000f2380000,0x00000000f2380000,0x00000000f4800000)
 ParOldGen       total 106496K, used 61155K [0x00000000a0000000, 0x00000000a6800000, 0x00000000e0000000)
  object space 106496K, 57% used [0x00000000a0000000,0x00000000a3bb8e90,0x00000000a6800000)
 Metaspace       used 77054K, capacity 81532K, committed 81792K, reserved 1120256K
  class space    used 9830K, capacity 10565K, committed 10624K, reserved 1048576K
}
Event: 9949.192 GC heap before
{Heap before GC invocations=38 (full 3):
 PSYoungGen      total 331776K, used 330328K [0x00000000e0000000, 0x00000000f6f00000, 0x0000000100000000)
  eden space 298496K, 100% used [0x00000000e0000000,0x00000000f2380000,0x00000000f2380000)
  from space 33280K, 95% used [0x00000000f4800000,0x00000000f6716248,0x00000000f6880000)
  to   space 37376K, 0% used [0x00000000f2380000,0x00000000f2380000,0x00000000f4800000)
 ParOldGen       total 106496K, used 61155K [0x00000000a0000000, 0x00000000a6800000, 0x00000000e0000000)
  object space 106496K, 57% used [0x00000000a0000000,0x00000000a3bb8e90,0x00000000a6800000)
 Metaspace       used 79636K, capacity 85812K, committed 86016K, reserved 1124352K
  class space    used 10286K, capacity 11224K, committed 11264K, reserved 1048576K
Event: 9949.228 GC heap after
Heap after GC invocations=38 (full 3):
 PSYoungGen      total 335872K, used 9365K [0x00000000e0000000, 0x00000000f8f80000, 0x0000000100000000)
  eden space 298496K, 0% used [0x00000000e0000000,0x00000000e0000000,0x00000000f2380000)
  from space 37376K, 25% used [0x00000000f2380000,0x00000000f2ca5638,0x00000000f4800000)
  to   space 36864K, 0% used [0x00000000f6b80000,0x00000000f6b80000,0x00000000f8f80000)
 ParOldGen       total 106496K, used 62591K [0x00000000a0000000, 0x00000000a6800000, 0x00000000e0000000)
  object space 106496K, 58% used [0x00000000a0000000,0x00000000a3d1ff98,0x00000000a6800000)
 Metaspace       used 79636K, capacity 85812K, committed 86016K, reserved 1124352K
  class space    used 10286K, capacity 11224K, committed 11264K, reserved 1048576K
}
Event: 11460.545 GC heap before
{Heap before GC invocations=39 (full 3):
 PSYoungGen      total 335872K, used 307046K [0x00000000e0000000, 0x00000000f8f80000, 0x0000000100000000)
  eden space 298496K, 99% used [0x00000000e0000000,0x00000000f22b4510,0x00000000f2380000)
  from space 37376K, 25% used [0x00000000f2380000,0x00000000f2ca5638,0x00000000f4800000)
  to   space 36864K, 0% used [0x00000000f6b80000,0x00000000f6b80000,0x00000000f8f80000)
 ParOldGen       total 106496K, used 62591K [0x00000000a0000000, 0x00000000a6800000, 0x00000000e0000000)
  object space 106496K, 58% used [0x00000000a0000000,0x00000000a3d1ff98,0x00000000a6800000)
 Metaspace       used 79960K, capacity 86072K, committed 86272K, reserved 1124352K
  class space    used 10301K, capacity 11238K, committed 11264K, reserved 1048576K
Event: 11460.575 GC heap after
Heap after GC invocations=39 (full 3):
 PSYoungGen      total 358912K, used 8493K [0x00000000e0000000, 0x00000000f8800000, 0x0000000100000000)
  eden space 329728K, 0% used [0x00000000e0000000,0x00000000e0000000,0x00000000f4200000)
  from space 29184K, 29% used [0x00000000f6b80000,0x00000000f73cb460,0x00000000f8800000)
  to   space 35840K, 0% used [0x00000000f4200000,0x00000000f4200000,0x00000000f6500000)
 ParOldGen       total 106496K, used 63135K [0x00000000a0000000, 0x00000000a6800000, 0x00000000e0000000)
  object space 106496K, 59% used [0x00000000a0000000,0x00000000a3da7f98,0x00000000a6800000)
 Metaspace       used 79960K, capacity 86072K, committed 86272K, reserved 1124352K
  class space    used 10301K, capacity 11238K, committed 11264K, reserved 1048576K
}
Event: 11493.622 GC heap before
{Heap before GC invocations=40 (full 3):
 PSYoungGen      total 358912K, used 338221K [0x00000000e0000000, 0x00000000f8800000, 0x0000000100000000)
  eden space 329728K, 100% used [0x00000000e0000000,0x00000000f4200000,0x00000000f4200000)
  from space 29184K, 29% used [0x00000000f6b80000,0x00000000f73cb460,0x00000000f8800000)
  to   space 35840K, 0% used [0x00000000f4200000,0x00000000f4200000,0x00000000f6500000)
 ParOldGen       total 106496K, used 63135K [0x00000000a0000000, 0x00000000a6800000, 0x00000000e0000000)
  object space 106496K, 59% used [0x00000000a0000000,0x00000000a3da7f98,0x00000000a6800000)
 Metaspace       used 80214K, capacity 86498K, committed 86528K, reserved 1124352K
  class space    used 10311K, capacity 11249K, committed 11264K, reserved 1048576K
Event: 11493.641 GC heap after
Heap after GC invocations=40 (full 3):
 PSYoungGen      total 320000K, used 3792K [0x00000000e0000000, 0x00000000f7b80000, 0x0000000100000000)
  eden space 315904K, 0% used [0x00000000e0000000,0x00000000e0000000,0x00000000f3480000)
  from space 4096K, 92% used [0x00000000f4200000,0x00000000f45b4270,0x00000000f4600000)
  to   space 36352K, 0% used [0x00000000f5800000,0x00000000f5800000,0x00000000f7b80000)
 ParOldGen       total 106496K, used 63143K [0x00000000a0000000, 0x00000000a6800000, 0x00000000e0000000)
  object space 106496K, 59% used [0x00000000a0000000,0x00000000a3da9f98,0x00000000a6800000)
 Metaspace       used 80214K, capacity 86498K, committed 86528K, reserved 1124352K
  class space    used 10311K, capacity 11249K, committed 11264K, reserved 1048576K
}

